# JRE version: Java(TM) SE Runtime Environment (8.0_121-b13) (build 1.8.0_121-b13)
# Java VM: Java HotSpot(TM) 64-Bit Server VM (25.121-b13 mixed mode windows-amd64 compressed oops)
Heap:
 PSYoungGen      total 302592K, used 191314K [0x00000000eab00000, 0x0000000100000000, 0x0000000100000000)
  eden space 279552K, 68% used [0x00000000eab00000,0x00000000f65d4ba8,0x00000000fbc00000)
  from space 23040K, 0% used [0x00000000fd400000,0x00000000fd400000,0x00000000fea80000)
  to   space 24576K, 0% used [0x00000000fbc00000,0x00000000fbc00000,0x00000000fd400000)
 ParOldGen       total 76800K, used 38012K [0x00000000c0000000, 0x00000000c4b00000, 0x00000000eab00000)
  object space 76800K, 49% used [0x00000000c0000000,0x00000000c251f0f0,0x00000000c4b00000)
 Metaspace       used 60514K, capacity 62052K, committed 62168K, reserved 1103872K
  class space    used 8032K, capacity 8403K, committed 8448K, reserved 1048576K
GC Heap History (10 events):
Event: 78.548 GC heap before
{Heap before GC invocations=9 (full 2):
 PSYoungGen      total 130560K, used 10210K [0x00000000eab00000, 0x00000000fa980000, 0x0000000100000000)
  eden space 120320K, 0% used [0x00000000eab00000,0x00000000eab00000,0x00000000f2080000)
  from space 10240K, 99% used [0x00000000f2080000,0x00000000f2a789b8,0x00000000f2a80000)
  to   space 13312K, 0% used [0x00000000f9c80000,0x00000000f9c80000,0x00000000fa980000)
 ParOldGen       total 32256K, used 12460K [0x00000000c0000000, 0x00000000c1f80000, 0x00000000eab00000)
  object space 32256K, 38% used [0x00000000c0000000,0x00000000c0c2b370,0x00000000c1f80000)
 Metaspace       used 34682K, capacity 35208K, committed 35456K, reserved 1079296K
  class space    used 4665K, capacity 4872K, committed 4992K, reserved 1048576K
Event: 78.649 GC heap after
Heap after GC invocations=9 (full 2):
 PSYoungGen      total 130560K, used 0K [0x00000000eab00000, 0x00000000fa980000, 0x0000000100000000)
  eden space 120320K, 0% used [0x00000000eab00000,0x00000000eab00000,0x00000000f2080000)
  from space 10240K, 0% used [0x00000000f2080000,0x00000000f2080000,0x00000000f2a80000)
  to   space 13312K, 0% used [0x00000000f9c80000,0x00000000f9c80000,0x00000000fa980000)
 ParOldGen       total 47616K, used 19601K [0x00000000c0000000, 0x00000000c2e80000, 0x00000000eab00000)
  object space 47616K, 41% used [0x00000000c0000000,0x00000000c1324648,0x00000000c2e80000)
 Metaspace       used 34630K, capacity 35082K, committed 35456K, reserved 1079296K
  class space    used 4651K, capacity 4830K, committed 4992K, reserved 1048576K
}
Event: 81.352 GC heap before
{Heap before GC invocations=10 (full 2):
 PSYoungGen      total 130560K, used 120320K [0x00000000eab00000, 0x00000000fa980000, 0x0000000100000000)
  eden space 120320K, 100% used [0x00000000eab00000,0x00000000f2080000,0x00000000f2080000)
  from space 10240K, 0% used [0x00000000f2080000,0x00000000f2080000,0x00000000f2a80000)
  to   space 13312K, 0% used [0x00000000f9c80000,0x00000000f9c80000,0x00000000fa980000)
 ParOldGen       total 47616K, used 19601K [0x00000000c0000000, 0x00000000c2e80000, 0x00000000eab00000)
  object space 47616K, 41% used [0x00000000c0000000,0x00000000c1324648,0x00000000c2e80000)
 Metaspace       used 43940K, capacity 44674K, committed 45056K, reserved 1087488K
  class space    used 5883K, capacity 6104K, committed 6144K, reserved 1048576K
Event: 81.379 GC heap after
Heap after GC invocations=10 (full 2):
 PSYoungGen      total 215552K, used 12474K [0x00000000eab00000, 0x00000000fa900000, 0x0000000100000000)
  eden space 202752K, 0% used [0x00000000eab00000,0x00000000eab00000,0x00000000f7100000)
  from space 12800K, 97% used [0x00000000f9c80000,0x00000000fa8ae850,0x00000000fa900000)
  to   space 15360K, 0% used [0x00000000f8b00000,0x00000000f8b00000,0x00000000f9a00000)
 ParOldGen       total 47616K, used 19609K [0x00000000c0000000, 0x00000000c2e80000, 0x00000000eab00000)
  object space 47616K, 41% used [0x00000000c0000000,0x00000000c1326648,0x00000000c2e80000)
 Metaspace       used 43940K, capacity 44674K, committed 45056K, reserved 1087488K
  class space    used 5883K, capacity 6104K, committed 6144K, reserved 1048576K
}
Event: 94.401 GC heap before
{Heap before GC invocations=11 (full 2):
 PSYoungGen      total 215552K, used 215226K [0x00000000eab00000, 0x00000000fa900000, 0x0000000100000000)
  eden space 202752K, 100% used [0x00000000eab00000,0x00000000f7100000,0x00000000f7100000)
  from space 12800K, 97% used [0x00000000f9c80000,0x00000000fa8ae850,0x00000000fa900000)
  to   space 15360K, 0% used [0x00000000f8b00000,0x00000000f8b00000,0x00000000f9a00000)
 ParOldGen       total 47616K, used 19609K [0x00000000c0000000, 0x00000000c2e80000, 0x00000000eab00000)
  object space 47616K, 41% used [0x00000000c0000000,0x00000000c1326648,0x00000000c2e80000)
 Metaspace       used 53384K, capacity 54664K, committed 54912K, reserved 1097728K
  class space    used 7164K, capacity 7507K, committed 7552K, reserved 1048576K
Event: 94.492 GC heap after
Heap after GC invocations=11 (full 2):
 PSYoungGen      total 244736K, used 15346K [0x00000000eab00000, 0x00000000fea80000, 0x0000000100000000)
  eden space 229376K, 0% used [0x00000000eab00000,0x00000000eab00000,0x00000000f8b00000)
  from space 15360K, 99% used [0x00000000f8b00000,0x00000000f99fcaa8,0x00000000f9a00000)
  to   space 23040K, 0% used [0x00000000fd400000,0x00000000fd400000,0x00000000fea80000)
 ParOldGen       total 47616K, used 33071K [0x00000000c0000000, 0x00000000c2e80000, 0x00000000eab00000)
  object space 47616K, 69% used [0x00000000c0000000,0x00000000c204bf48,0x00000000c2e80000)
 Metaspace       used 53384K, capacity 54664K, committed 54912K, reserved 1097728K
  class space    used 7164K, capacity 7507K, committed 7552K, reserved 1048576K
}
Event: 106.841 GC heap before
{Heap before GC invocations=12 (full 2):
 PSYoungGen      total 244736K, used 186847K [0x00000000eab00000, 0x00000000fea80000, 0x0000000100000000)
  eden space 229376K, 74% used [0x00000000eab00000,0x00000000f527b198,0x00000000f8b00000)
  from space 15360K, 99% used [0x00000000f8b00000,0x00000000f99fcaa8,0x00000000f9a00000)
  to   space 23040K, 0% used [0x00000000fd400000,0x00000000fd400000,0x00000000fea80000)
 ParOldGen       total 47616K, used 33071K [0x00000000c0000000, 0x00000000c2e80000, 0x00000000eab00000)
  object space 47616K, 69% used [0x00000000c0000000,0x00000000c204bf48,0x00000000c2e80000)
 Metaspace       used 57693K, capacity 59024K, committed 59096K, reserved 1099776K
  class space    used 7767K, capacity 8165K, committed 8192K, reserved 1048576K
Event: 106.885 GC heap after
Heap after GC invocations=12 (full 2):
 PSYoungGen      total 302592K, used 16705K [0x00000000eab00000, 0x0000000100000000, 0x0000000100000000)
  eden space 279552K, 0% used [0x00000000eab00000,0x00000000eab00000,0x00000000fbc00000)
  from space 23040K, 72% used [0x00000000fd400000,0x00000000fe450678,0x00000000fea80000)
  to   space 24576K, 0% used [0x00000000fbc00000,0x00000000fbc00000,0x00000000fd400000)
 ParOldGen       total 47616K, used 39972K [0x00000000c0000000, 0x00000000c2e80000, 0x00000000eab00000)
  object space 47616K, 83% used [0x00000000c0000000,0x00000000c27093f8,0x00000000c2e80000)
 Metaspace       used 57693K, capacity 59024K, committed 59096K, reserved 1099776K
  class space    used 7767K, capacity 8165K, committed 8192K, reserved 1048576K
}
Event: 106.885 GC heap before
{Heap before GC invocations=13 (full 3):
 PSYoungGen      total 302592K, used 16705K [0x00000000eab00000, 0x0000000100000000, 0x0000000100000000)
  eden space 279552K, 0% used [0x00000000eab00000,0x00000000eab00000,0x00000000fbc00000)
  from space 23040K, 72% used [0x00000000fd400000,0x00000000fe450678,0x00000000fea80000)
  to   space 24576K, 0% used [0x00000000fbc00000,0x00000000fbc00000,0x00000000fd400000)
 ParOldGen       total 47616K, used 39972K [0x00000000c0000000, 0x00000000c2e80000, 0x00000000eab00000)
  object space 47616K, 83% used [0x00000000c0000000,0x00000000c27093f8,0x00000000c2e80000)
 Metaspace       used 57693K, capacity 59024K, committed 59096K, reserved 1099776K
  class space    used 7767K, capacity 8165K, committed 8192K, reserved 1048576K
Event: 107.194 GC heap after
Heap after GC invocations=13 (full 3):
 PSYoungGen      total 302592K, used 0K [0x00000000eab00000, 0x0000000100000000, 0x0000000100000000)
  eden space 279552K, 0% used [0x00000000eab00000,0x00000000eab00000,0x00000000fbc00000)
  from space 23040K, 0% used [0x00000000fd400000,0x00000000fd400000,0x00000000fea80000)
  to   space 24576K, 0% used [0x00000000fbc00000,0x00000000fbc00000,0x00000000fd400000)
 ParOldGen       total 76800K, used 38012K [0x00000000c0000000, 0x00000000c4b00000, 0x00000000eab00000)
  object space 76800K, 49% used [0x00000000c0000000,0x00000000c251f0f0,0x00000000c4b00000)
 Metaspace       used 57691K, capacity 59018K, committed 59096K, reserved 1099776K
  class space    used 7766K, capacity 8164K, committed 8192K, reserved 1048576K
}

